{
  "uid" : "88fba6e9cc85f346",
  "name" : "Тест №005 - End to End - Проверка корректного списания сейвкоинов",
  "fullName" : "XiaomiRedmi4a.X_TotalRegress.Test005",
  "historyId" : "807ab0491020864e134b527873ae0608",
  "time" : {
    "start" : 1555073629252,
    "stop" : 1555073882153,
    "duration" : 252901
  },
  "status" : "failed",
  "statusDetails" : {
    "message" : "expected:<423> but was:<426>",
    "trace" : "java.lang.AssertionError: expected:<423> but was:<426>\r\n\tat org.junit.Assert.fail(Assert.java:88)\r\n\tat org.junit.Assert.failNotEquals(Assert.java:834)\r\n\tat org.junit.Assert.assertEquals(Assert.java:645)\r\n\tat org.junit.Assert.assertEquals(Assert.java:631)\r\n\tat main.Main.assertSavecoinsIsReduced_aroundBody106(Main.java:992)\r\n\tat main.Main$AjcClosure107.run(Main.java:1)\r\n\tat org.aspectj.runtime.reflect.JoinPointImpl.proceed(JoinPointImpl.java:149)\r\n\tat io.qameta.allure.aspects.StepsAspects.step(StepsAspects.java:51)\r\n\tat main.Main.assertSavecoinsIsReduced(Main.java:989)\r\n\tat main.Test005.test005(Test005.java:179)\r\n\tat XiaomiRedmi4a.X_TotalRegress.Test005(X_TotalRegress.java:50)\r\n\tat sun.reflect.NativeMethodAccessorImpl.invoke0(Native Method)\r\n\tat sun.reflect.NativeMethodAccessorImpl.invoke(NativeMethodAccessorImpl.java:62)\r\n\tat sun.reflect.DelegatingMethodAccessorImpl.invoke(DelegatingMethodAccessorImpl.java:43)\r\n\tat java.lang.reflect.Method.invoke(Method.java:498)\r\n\tat org.junit.runners.model.FrameworkMethod$1.runReflectiveCall(FrameworkMethod.java:50)\r\n\tat org.junit.internal.runners.model.ReflectiveCallable.run(ReflectiveCallable.java:12)\r\n\tat org.junit.runners.model.FrameworkMethod.invokeExplosively(FrameworkMethod.java:47)\r\n\tat org.junit.internal.runners.statements.InvokeMethod.evaluate(InvokeMethod.java:17)\r\n\tat org.junit.internal.runners.statements.RunBefores.evaluate(RunBefores.java:26)\r\n\tat org.junit.internal.runners.statements.RunAfters.evaluate(RunAfters.java:27)\r\n\tat org.junit.runners.ParentRunner.runLeaf(ParentRunner.java:325)\r\n\tat org.junit.runners.BlockJUnit4ClassRunner.runChild(BlockJUnit4ClassRunner.java:78)\r\n\tat org.junit.runners.BlockJUnit4ClassRunner.runChild(BlockJUnit4ClassRunner.java:57)\r\n\tat org.junit.runners.ParentRunner$3.run(ParentRunner.java:290)\r\n\tat org.junit.runners.ParentRunner$1.schedule(ParentRunner.java:71)\r\n\tat org.junit.runners.ParentRunner.runChildren(ParentRunner.java:288)\r\n\tat org.junit.runners.ParentRunner.access$000(ParentRunner.java:58)\r\n\tat org.junit.runners.ParentRunner$2.evaluate(ParentRunner.java:268)\r\n\tat org.junit.runners.ParentRunner.run(ParentRunner.java:363)\r\n\tat org.gradle.api.internal.tasks.testing.junit.JUnitTestClassExecutor.runTestClass(JUnitTestClassExecutor.java:110)\r\n\tat org.gradle.api.internal.tasks.testing.junit.JUnitTestClassExecutor.execute(JUnitTestClassExecutor.java:58)\r\n\tat org.gradle.api.internal.tasks.testing.junit.JUnitTestClassExecutor.execute(JUnitTestClassExecutor.java:38)\r\n\tat org.gradle.api.internal.tasks.testing.junit.AbstractJUnitTestClassProcessor.processTestClass(AbstractJUnitTestClassProcessor.java:62)\r\n\tat org.gradle.api.internal.tasks.testing.SuiteTestClassProcessor.processTestClass(SuiteTestClassProcessor.java:51)\r\n\tat sun.reflect.NativeMethodAccessorImpl.invoke0(Native Method)\r\n\tat sun.reflect.NativeMethodAccessorImpl.invoke(NativeMethodAccessorImpl.java:62)\r\n\tat sun.reflect.DelegatingMethodAccessorImpl.invoke(DelegatingMethodAccessorImpl.java:43)\r\n\tat java.lang.reflect.Method.invoke(Method.java:498)\r\n\tat org.gradle.internal.dispatch.ReflectionDispatch.dispatch(ReflectionDispatch.java:35)\r\n\tat org.gradle.internal.dispatch.ReflectionDispatch.dispatch(ReflectionDispatch.java:24)\r\n\tat org.gradle.internal.dispatch.ContextClassLoaderDispatch.dispatch(ContextClassLoaderDispatch.java:32)\r\n\tat org.gradle.internal.dispatch.ProxyDispatchAdapter$DispatchingInvocationHandler.invoke(ProxyDispatchAdapter.java:93)\r\n\tat com.sun.proxy.$Proxy2.processTestClass(Unknown Source)\r\n\tat org.gradle.api.internal.tasks.testing.worker.TestWorker.processTestClass(TestWorker.java:118)\r\n\tat sun.reflect.NativeMethodAccessorImpl.invoke0(Native Method)\r\n\tat sun.reflect.NativeMethodAccessorImpl.invoke(NativeMethodAccessorImpl.java:62)\r\n\tat sun.reflect.DelegatingMethodAccessorImpl.invoke(DelegatingMethodAccessorImpl.java:43)\r\n\tat java.lang.reflect.Method.invoke(Method.java:498)\r\n\tat org.gradle.internal.dispatch.ReflectionDispatch.dispatch(ReflectionDispatch.java:35)\r\n\tat org.gradle.internal.dispatch.ReflectionDispatch.dispatch(ReflectionDispatch.java:24)\r\n\tat org.gradle.internal.remote.internal.hub.MessageHubBackedObjectConnection$DispatchWrapper.dispatch(MessageHubBackedObjectConnection.java:175)\r\n\tat org.gradle.internal.remote.internal.hub.MessageHubBackedObjectConnection$DispatchWrapper.dispatch(MessageHubBackedObjectConnection.java:157)\r\n\tat org.gradle.internal.remote.internal.hub.MessageHub$Handler.run(MessageHub.java:404)\r\n\tat org.gradle.internal.concurrent.ExecutorPolicy$CatchAndRecordFailures.onExecute(ExecutorPolicy.java:63)\r\n\tat org.gradle.internal.concurrent.ManagedExecutorImpl$1.run(ManagedExecutorImpl.java:46)\r\n\tat java.util.concurrent.ThreadPoolExecutor.runWorker(ThreadPoolExecutor.java:1149)\r\n\tat java.util.concurrent.ThreadPoolExecutor$Worker.run(ThreadPoolExecutor.java:624)\r\n\tat org.gradle.internal.concurrent.ThreadFactoryImpl$ManagedThreadRunnable.run(ThreadFactoryImpl.java:55)\r\n\tat java.lang.Thread.run(Thread.java:748)\r\n",
    "flaky" : false
  },
  "beforeStages" : [ ],
  "testStage" : {
    "status" : "failed",
    "statusDetails" : {
      "message" : "expected:<423> but was:<426>",
      "trace" : "java.lang.AssertionError: expected:<423> but was:<426>\r\n\tat org.junit.Assert.fail(Assert.java:88)\r\n\tat org.junit.Assert.failNotEquals(Assert.java:834)\r\n\tat org.junit.Assert.assertEquals(Assert.java:645)\r\n\tat org.junit.Assert.assertEquals(Assert.java:631)\r\n\tat main.Main.assertSavecoinsIsReduced_aroundBody106(Main.java:992)\r\n\tat main.Main$AjcClosure107.run(Main.java:1)\r\n\tat org.aspectj.runtime.reflect.JoinPointImpl.proceed(JoinPointImpl.java:149)\r\n\tat io.qameta.allure.aspects.StepsAspects.step(StepsAspects.java:51)\r\n\tat main.Main.assertSavecoinsIsReduced(Main.java:989)\r\n\tat main.Test005.test005(Test005.java:179)\r\n\tat XiaomiRedmi4a.X_TotalRegress.Test005(X_TotalRegress.java:50)\r\n\tat sun.reflect.NativeMethodAccessorImpl.invoke0(Native Method)\r\n\tat sun.reflect.NativeMethodAccessorImpl.invoke(NativeMethodAccessorImpl.java:62)\r\n\tat sun.reflect.DelegatingMethodAccessorImpl.invoke(DelegatingMethodAccessorImpl.java:43)\r\n\tat java.lang.reflect.Method.invoke(Method.java:498)\r\n\tat org.junit.runners.model.FrameworkMethod$1.runReflectiveCall(FrameworkMethod.java:50)\r\n\tat org.junit.internal.runners.model.ReflectiveCallable.run(ReflectiveCallable.java:12)\r\n\tat org.junit.runners.model.FrameworkMethod.invokeExplosively(FrameworkMethod.java:47)\r\n\tat org.junit.internal.runners.statements.InvokeMethod.evaluate(InvokeMethod.java:17)\r\n\tat org.junit.internal.runners.statements.RunBefores.evaluate(RunBefores.java:26)\r\n\tat org.junit.internal.runners.statements.RunAfters.evaluate(RunAfters.java:27)\r\n\tat org.junit.runners.ParentRunner.runLeaf(ParentRunner.java:325)\r\n\tat org.junit.runners.BlockJUnit4ClassRunner.runChild(BlockJUnit4ClassRunner.java:78)\r\n\tat org.junit.runners.BlockJUnit4ClassRunner.runChild(BlockJUnit4ClassRunner.java:57)\r\n\tat org.junit.runners.ParentRunner$3.run(ParentRunner.java:290)\r\n\tat org.junit.runners.ParentRunner$1.schedule(ParentRunner.java:71)\r\n\tat org.junit.runners.ParentRunner.runChildren(ParentRunner.java:288)\r\n\tat org.junit.runners.ParentRunner.access$000(ParentRunner.java:58)\r\n\tat org.junit.runners.ParentRunner$2.evaluate(ParentRunner.java:268)\r\n\tat org.junit.runners.ParentRunner.run(ParentRunner.java:363)\r\n\tat org.gradle.api.internal.tasks.testing.junit.JUnitTestClassExecutor.runTestClass(JUnitTestClassExecutor.java:110)\r\n\tat org.gradle.api.internal.tasks.testing.junit.JUnitTestClassExecutor.execute(JUnitTestClassExecutor.java:58)\r\n\tat org.gradle.api.internal.tasks.testing.junit.JUnitTestClassExecutor.execute(JUnitTestClassExecutor.java:38)\r\n\tat org.gradle.api.internal.tasks.testing.junit.AbstractJUnitTestClassProcessor.processTestClass(AbstractJUnitTestClassProcessor.java:62)\r\n\tat org.gradle.api.internal.tasks.testing.SuiteTestClassProcessor.processTestClass(SuiteTestClassProcessor.java:51)\r\n\tat sun.reflect.NativeMethodAccessorImpl.invoke0(Native Method)\r\n\tat sun.reflect.NativeMethodAccessorImpl.invoke(NativeMethodAccessorImpl.java:62)\r\n\tat sun.reflect.DelegatingMethodAccessorImpl.invoke(DelegatingMethodAccessorImpl.java:43)\r\n\tat java.lang.reflect.Method.invoke(Method.java:498)\r\n\tat org.gradle.internal.dispatch.ReflectionDispatch.dispatch(ReflectionDispatch.java:35)\r\n\tat org.gradle.internal.dispatch.ReflectionDispatch.dispatch(ReflectionDispatch.java:24)\r\n\tat org.gradle.internal.dispatch.ContextClassLoaderDispatch.dispatch(ContextClassLoaderDispatch.java:32)\r\n\tat org.gradle.internal.dispatch.ProxyDispatchAdapter$DispatchingInvocationHandler.invoke(ProxyDispatchAdapter.java:93)\r\n\tat com.sun.proxy.$Proxy2.processTestClass(Unknown Source)\r\n\tat org.gradle.api.internal.tasks.testing.worker.TestWorker.processTestClass(TestWorker.java:118)\r\n\tat sun.reflect.NativeMethodAccessorImpl.invoke0(Native Method)\r\n\tat sun.reflect.NativeMethodAccessorImpl.invoke(NativeMethodAccessorImpl.java:62)\r\n\tat sun.reflect.DelegatingMethodAccessorImpl.invoke(DelegatingMethodAccessorImpl.java:43)\r\n\tat java.lang.reflect.Method.invoke(Method.java:498)\r\n\tat org.gradle.internal.dispatch.ReflectionDispatch.dispatch(ReflectionDispatch.java:35)\r\n\tat org.gradle.internal.dispatch.ReflectionDispatch.dispatch(ReflectionDispatch.java:24)\r\n\tat org.gradle.internal.remote.internal.hub.MessageHubBackedObjectConnection$DispatchWrapper.dispatch(MessageHubBackedObjectConnection.java:175)\r\n\tat org.gradle.internal.remote.internal.hub.MessageHubBackedObjectConnection$DispatchWrapper.dispatch(MessageHubBackedObjectConnection.java:157)\r\n\tat org.gradle.internal.remote.internal.hub.MessageHub$Handler.run(MessageHub.java:404)\r\n\tat org.gradle.internal.concurrent.ExecutorPolicy$CatchAndRecordFailures.onExecute(ExecutorPolicy.java:63)\r\n\tat org.gradle.internal.concurrent.ManagedExecutorImpl$1.run(ManagedExecutorImpl.java:46)\r\n\tat java.util.concurrent.ThreadPoolExecutor.runWorker(ThreadPoolExecutor.java:1149)\r\n\tat java.util.concurrent.ThreadPoolExecutor$Worker.run(ThreadPoolExecutor.java:624)\r\n\tat org.gradle.internal.concurrent.ThreadFactoryImpl$ManagedThreadRunnable.run(ThreadFactoryImpl.java:55)\r\n\tat java.lang.Thread.run(Thread.java:748)\r\n",
      "flaky" : false
    },
    "steps" : [ {
      "name" : "Выбираем случайного клиента с привязанной тестовой картой 5100 0000 0000 0008",
      "time" : {
        "start" : 1555073656979,
        "stop" : 1555073661310,
        "duration" : 4331
      },
      "status" : "passed",
      "steps" : [ ],
      "attachments" : [ ],
      "parameters" : [ ],
      "shouldDisplayMessage" : false,
      "attachmentsCount" : 0,
      "stepsCount" : 0,
      "hasContent" : false
    }, {
      "name" : "Ждем пока прогрузится приложение",
      "time" : {
        "start" : 1555073661310,
        "stop" : 1555073666561,
        "duration" : 5251
      },
      "status" : "passed",
      "steps" : [ ],
      "attachments" : [ ],
      "parameters" : [ {
        "name" : "deviceName",
        "value" : "2fcaae347d74"
      } ],
      "shouldDisplayMessage" : false,
      "attachmentsCount" : 0,
      "stepsCount" : 0,
      "hasContent" : true
    }, {
      "name" : "Кликаем на кнопку \"ПРИСТУПИТЬ К ПОКУПКАМ\"",
      "time" : {
        "start" : 1555073666561,
        "stop" : 1555073668105,
        "duration" : 1544
      },
      "status" : "passed",
      "steps" : [ ],
      "attachments" : [ ],
      "parameters" : [ ],
      "shouldDisplayMessage" : false,
      "attachmentsCount" : 0,
      "stepsCount" : 0,
      "hasContent" : false
    }, {
      "name" : "Кликаем по Бургер-меню",
      "time" : {
        "start" : 1555073668105,
        "stop" : 1555073669332,
        "duration" : 1227
      },
      "status" : "passed",
      "steps" : [ ],
      "attachments" : [ ],
      "parameters" : [ ],
      "shouldDisplayMessage" : false,
      "attachmentsCount" : 0,
      "stepsCount" : 0,
      "hasContent" : false
    }, {
      "name" : "Вводим номер телефона",
      "time" : {
        "start" : 1555073669332,
        "stop" : 1555073674907,
        "duration" : 5575
      },
      "status" : "passed",
      "steps" : [ ],
      "attachments" : [ ],
      "parameters" : [ {
        "name" : "deviceName",
        "value" : "2fcaae347d74"
      }, {
        "name" : "client",
        "value" : "main.Client@4b83b302"
      } ],
      "shouldDisplayMessage" : false,
      "attachmentsCount" : 0,
      "stepsCount" : 0,
      "hasContent" : true
    }, {
      "name" : "Жмем кнопку \"ПРОДОЛЖИТЬ\"",
      "time" : {
        "start" : 1555073674907,
        "stop" : 1555073676142,
        "duration" : 1235
      },
      "status" : "passed",
      "steps" : [ ],
      "attachments" : [ ],
      "parameters" : [ ],
      "shouldDisplayMessage" : false,
      "attachmentsCount" : 0,
      "stepsCount" : 0,
      "hasContent" : false
    }, {
      "name" : "Вводим код из смс",
      "time" : {
        "start" : 1555073676142,
        "stop" : 1555073681449,
        "duration" : 5307
      },
      "status" : "passed",
      "steps" : [ ],
      "attachments" : [ ],
      "parameters" : [ ],
      "shouldDisplayMessage" : false,
      "attachmentsCount" : 0,
      "stepsCount" : 0,
      "hasContent" : false
    }, {
      "name" : "Если у пользователя есть активные заказы - переводим их в DONE",
      "time" : {
        "start" : 1555073681449,
        "stop" : 1555073715776,
        "duration" : 34327
      },
      "status" : "passed",
      "steps" : [ {
        "name" : "Подтаскиваем всю инфу о созданном заказе",
        "time" : {
          "start" : 1555073686286,
          "stop" : 1555073688721,
          "duration" : 2435
        },
        "status" : "passed",
        "steps" : [ ],
        "attachments" : [ ],
        "parameters" : [ {
          "name" : "id",
          "value" : "107696"
        } ],
        "shouldDisplayMessage" : false,
        "attachmentsCount" : 0,
        "stepsCount" : 0,
        "hasContent" : true
      }, {
        "name" : "Меняем статус заказа",
        "time" : {
          "start" : 1555073689722,
          "stop" : 1555073694263,
          "duration" : 4541
        },
        "status" : "passed",
        "steps" : [ ],
        "attachments" : [ ],
        "parameters" : [ {
          "name" : "status",
          "value" : "done"
        }, {
          "name" : "order",
          "value" : "main.Order@35b03ad5"
        }, {
          "name" : "client",
          "value" : "main.Client@4b83b302"
        } ],
        "shouldDisplayMessage" : false,
        "attachmentsCount" : 0,
        "stepsCount" : 0,
        "hasContent" : true
      }, {
        "name" : "Избавляемся от поп-апа 'Новая функция \"Повторить заказ\"'",
        "time" : {
          "start" : 1555073695264,
          "stop" : 1555073703903,
          "duration" : 8639
        },
        "status" : "passed",
        "steps" : [ ],
        "attachments" : [ ],
        "parameters" : [ ],
        "shouldDisplayMessage" : false,
        "attachmentsCount" : 0,
        "stepsCount" : 0,
        "hasContent" : false
      }, {
        "name" : "Выставляем оценку заказа",
        "time" : {
          "start" : 1555073703991,
          "stop" : 1555073705263,
          "duration" : 1272
        },
        "status" : "passed",
        "steps" : [ ],
        "attachments" : [ ],
        "parameters" : [ {
          "name" : "rating",
          "value" : "4"
        } ],
        "shouldDisplayMessage" : false,
        "attachmentsCount" : 0,
        "stepsCount" : 0,
        "hasContent" : true
      }, {
        "name" : "Жмем кнопку \"ОТПРАВИТЬ\", чтобы отправить оценку",
        "time" : {
          "start" : 1555073705263,
          "stop" : 1555073710492,
          "duration" : 5229
        },
        "status" : "passed",
        "steps" : [ ],
        "attachments" : [ ],
        "parameters" : [ ],
        "shouldDisplayMessage" : false,
        "attachmentsCount" : 0,
        "stepsCount" : 0,
        "hasContent" : false
      }, {
        "name" : "Кликаем по Бургер-меню",
        "time" : {
          "start" : 1555073711595,
          "stop" : 1555073712775,
          "duration" : 1180
        },
        "status" : "passed",
        "steps" : [ ],
        "attachments" : [ ],
        "parameters" : [ ],
        "shouldDisplayMessage" : false,
        "attachmentsCount" : 0,
        "stepsCount" : 0,
        "hasContent" : false
      } ],
      "attachments" : [ ],
      "parameters" : [ {
        "name" : "client",
        "value" : "main.Client@4b83b302"
      } ],
      "shouldDisplayMessage" : false,
      "attachmentsCount" : 0,
      "stepsCount" : 6,
      "hasContent" : true
    }, {
      "name" : "Переходим назад к списку брендов",
      "time" : {
        "start" : 1555073715776,
        "stop" : 1555073717001,
        "duration" : 1225
      },
      "status" : "passed",
      "steps" : [ ],
      "attachments" : [ ],
      "parameters" : [ ],
      "shouldDisplayMessage" : false,
      "attachmentsCount" : 0,
      "stepsCount" : 0,
      "hasContent" : false
    }, {
      "name" : "Избавляемся от поп-апа 'Новая функция \"Повторить заказ\"'",
      "time" : {
        "start" : 1555073717001,
        "stop" : 1555073722187,
        "duration" : 5186
      },
      "status" : "passed",
      "steps" : [ ],
      "attachments" : [ ],
      "parameters" : [ ],
      "shouldDisplayMessage" : false,
      "attachmentsCount" : 0,
      "stepsCount" : 0,
      "hasContent" : false
    }, {
      "name" : "Кликаем на поле с адресом доставки",
      "time" : {
        "start" : 1555073722187,
        "stop" : 1555073725423,
        "duration" : 3236
      },
      "status" : "passed",
      "steps" : [ ],
      "attachments" : [ ],
      "parameters" : [ ],
      "shouldDisplayMessage" : false,
      "attachmentsCount" : 0,
      "stepsCount" : 0,
      "hasContent" : false
    }, {
      "name" : "Кликаем по кнопке \"Изменить адрес\"",
      "time" : {
        "start" : 1555073725423,
        "stop" : 1555073728656,
        "duration" : 3233
      },
      "status" : "passed",
      "steps" : [ ],
      "attachments" : [ ],
      "parameters" : [ ],
      "shouldDisplayMessage" : false,
      "attachmentsCount" : 0,
      "stepsCount" : 0,
      "hasContent" : false
    }, {
      "name" : "Смена адреса клиента на случайный",
      "time" : {
        "start" : 1555073728656,
        "stop" : 1555073751702,
        "duration" : 23046
      },
      "status" : "passed",
      "steps" : [ ],
      "attachments" : [ ],
      "parameters" : [ ],
      "shouldDisplayMessage" : false,
      "attachmentsCount" : 0,
      "stepsCount" : 0,
      "hasContent" : false
    }, {
      "name" : "Кликаем на случайный бренд",
      "time" : {
        "start" : 1555073751702,
        "stop" : 1555073754934,
        "duration" : 3232
      },
      "status" : "passed",
      "steps" : [ ],
      "attachments" : [ ],
      "parameters" : [ ],
      "shouldDisplayMessage" : false,
      "attachmentsCount" : 0,
      "stepsCount" : 0,
      "hasContent" : false
    }, {
      "name" : "Кликаем на случайную категорию",
      "time" : {
        "start" : 1555073754934,
        "stop" : 1555073760265,
        "duration" : 5331
      },
      "status" : "passed",
      "steps" : [ ],
      "attachments" : [ ],
      "parameters" : [ ],
      "shouldDisplayMessage" : false,
      "attachmentsCount" : 0,
      "stepsCount" : 0,
      "hasContent" : false
    }, {
      "name" : "Кликаем на случайную подкатегорию",
      "time" : {
        "start" : 1555073760265,
        "stop" : 1555073762871,
        "duration" : 2606
      },
      "status" : "passed",
      "steps" : [ ],
      "attachments" : [ ],
      "parameters" : [ ],
      "shouldDisplayMessage" : false,
      "attachmentsCount" : 0,
      "stepsCount" : 0,
      "hasContent" : false
    }, {
      "name" : "Накидываем товары в корзину",
      "time" : {
        "start" : 1555073762872,
        "stop" : 1555073766452,
        "duration" : 3580
      },
      "status" : "passed",
      "steps" : [ ],
      "attachments" : [ ],
      "parameters" : [ {
        "name" : "count",
        "value" : "4"
      } ],
      "shouldDisplayMessage" : false,
      "attachmentsCount" : 0,
      "stepsCount" : 0,
      "hasContent" : true
    }, {
      "name" : "Кликаем по значку Корзины",
      "time" : {
        "start" : 1555073766452,
        "stop" : 1555073769725,
        "duration" : 3273
      },
      "status" : "passed",
      "steps" : [ ],
      "attachments" : [ ],
      "parameters" : [ ],
      "shouldDisplayMessage" : false,
      "attachmentsCount" : 0,
      "stepsCount" : 0,
      "hasContent" : false
    }, {
      "name" : "Кликаем по кнопке Оформить заказ",
      "time" : {
        "start" : 1555073769725,
        "stop" : 1555073770971,
        "duration" : 1246
      },
      "status" : "passed",
      "steps" : [ ],
      "attachments" : [ ],
      "parameters" : [ ],
      "shouldDisplayMessage" : false,
      "attachmentsCount" : 0,
      "stepsCount" : 0,
      "hasContent" : false
    }, {
      "name" : "Заполняем поля Подъезд, Этаж, Кв./Офис, Код домофона",
      "time" : {
        "start" : 1555073770971,
        "stop" : 1555073772882,
        "duration" : 1911
      },
      "status" : "passed",
      "steps" : [ ],
      "attachments" : [ ],
      "parameters" : [ {
        "name" : "porch",
        "value" : "6"
      }, {
        "name" : "floor",
        "value" : "7"
      }, {
        "name" : "flat",
        "value" : "8"
      }, {
        "name" : "intercom",
        "value" : "876"
      } ],
      "shouldDisplayMessage" : false,
      "attachmentsCount" : 0,
      "stepsCount" : 0,
      "hasContent" : true
    }, {
      "name" : "Кликаем по кнопке Далее на экране Доставка",
      "time" : {
        "start" : 1555073772882,
        "stop" : 1555073776204,
        "duration" : 3322
      },
      "status" : "passed",
      "steps" : [ ],
      "attachments" : [ ],
      "parameters" : [ ],
      "shouldDisplayMessage" : false,
      "attachmentsCount" : 0,
      "stepsCount" : 0,
      "hasContent" : false
    }, {
      "name" : "Кликаем по кнопке Далее на экране Время доставки",
      "time" : {
        "start" : 1555073776204,
        "stop" : 1555073779447,
        "duration" : 3243
      },
      "status" : "passed",
      "steps" : [ ],
      "attachments" : [ ],
      "parameters" : [ ],
      "shouldDisplayMessage" : false,
      "attachmentsCount" : 0,
      "stepsCount" : 0,
      "hasContent" : false
    }, {
      "name" : "Запоминаем значение суммы к оплате",
      "time" : {
        "start" : 1555073779447,
        "stop" : 1555073779671,
        "duration" : 224
      },
      "status" : "passed",
      "steps" : [ ],
      "attachments" : [ ],
      "parameters" : [ ],
      "shouldDisplayMessage" : false,
      "attachmentsCount" : 0,
      "stepsCount" : 0,
      "hasContent" : false
    }, {
      "name" : "Перетаскиваем ползунок с сейвкоинами в нужную точку, чтобы списывалось указанное количество",
      "time" : {
        "start" : 1555073779671,
        "stop" : 1555073787612,
        "duration" : 7941
      },
      "status" : "passed",
      "steps" : [ ],
      "attachments" : [ ],
      "parameters" : [ {
        "name" : "amount",
        "value" : "10"
      }, {
        "name" : "deviceName",
        "value" : "2fcaae347d74"
      } ],
      "shouldDisplayMessage" : false,
      "attachmentsCount" : 0,
      "stepsCount" : 0,
      "hasContent" : true
    }, {
      "name" : "Добавляем тестовую карту оплаты, если она ещё не привязана",
      "time" : {
        "start" : 1555073787612,
        "stop" : 1555073787801,
        "duration" : 189
      },
      "status" : "passed",
      "steps" : [ ],
      "attachments" : [ ],
      "parameters" : [ {
        "name" : "deviceName",
        "value" : "2fcaae347d74"
      } ],
      "shouldDisplayMessage" : false,
      "attachmentsCount" : 0,
      "stepsCount" : 0,
      "hasContent" : true
    }, {
      "name" : "Свайпаем экран вниз",
      "time" : {
        "start" : 1555073787801,
        "stop" : 1555073788345,
        "duration" : 544
      },
      "status" : "passed",
      "steps" : [ ],
      "attachments" : [ ],
      "parameters" : [ ],
      "shouldDisplayMessage" : false,
      "attachmentsCount" : 0,
      "stepsCount" : 0,
      "hasContent" : false
    }, {
      "name" : "Запоминаем значение суммы к оплате",
      "time" : {
        "start" : 1555073788345,
        "stop" : 1555073788440,
        "duration" : 95
      },
      "status" : "passed",
      "steps" : [ ],
      "attachments" : [ ],
      "parameters" : [ ],
      "shouldDisplayMessage" : false,
      "attachmentsCount" : 0,
      "stepsCount" : 0,
      "hasContent" : false
    }, {
      "name" : "Проверяем, что сумма \"Всего к оплате\" уменьшилась на количество сейвкоинов к списанию",
      "time" : {
        "start" : 1555073788440,
        "stop" : 1555073788440,
        "duration" : 0
      },
      "status" : "passed",
      "steps" : [ ],
      "attachments" : [ ],
      "parameters" : [ {
        "name" : "before",
        "value" : "370.0"
      }, {
        "name" : "after",
        "value" : "360.0"
      }, {
        "name" : "savecoinsToSubstract",
        "value" : "10"
      } ],
      "shouldDisplayMessage" : false,
      "attachmentsCount" : 0,
      "stepsCount" : 0,
      "hasContent" : true
    }, {
      "name" : "Нажимаем кнопку ОПЛАТИТЬ",
      "time" : {
        "start" : 1555073788440,
        "stop" : 1555073788673,
        "duration" : 233
      },
      "status" : "passed",
      "steps" : [ ],
      "attachments" : [ ],
      "parameters" : [ ],
      "shouldDisplayMessage" : false,
      "attachmentsCount" : 0,
      "stepsCount" : 0,
      "hasContent" : false
    }, {
      "name" : "Нажимаем кнопку ОК на алерте \"Новый заказ\"",
      "time" : {
        "start" : 1555073788674,
        "stop" : 1555073802340,
        "duration" : 13666
      },
      "status" : "passed",
      "steps" : [ ],
      "attachments" : [ ],
      "parameters" : [ {
        "name" : "deviceName",
        "value" : "2fcaae347d74"
      } ],
      "shouldDisplayMessage" : false,
      "attachmentsCount" : 0,
      "stepsCount" : 0,
      "hasContent" : true
    }, {
      "name" : "Подтаскиваем всю инфу о созданном заказе",
      "time" : {
        "start" : 1555073802513,
        "stop" : 1555073803905,
        "duration" : 1392
      },
      "status" : "passed",
      "steps" : [ ],
      "attachments" : [ ],
      "parameters" : [ {
        "name" : "id",
        "value" : "107982"
      } ],
      "shouldDisplayMessage" : false,
      "attachmentsCount" : 0,
      "stepsCount" : 0,
      "hasContent" : true
    }, {
      "name" : "Проверяем, что статус заказа \"Ваш заказ принят\"",
      "time" : {
        "start" : 1555073803905,
        "stop" : 1555073805087,
        "duration" : 1182
      },
      "status" : "passed",
      "steps" : [ ],
      "attachments" : [ ],
      "parameters" : [ ],
      "shouldDisplayMessage" : false,
      "attachmentsCount" : 0,
      "stepsCount" : 0,
      "hasContent" : false
    }, {
      "name" : "Меняем статус заказа",
      "time" : {
        "start" : 1555073805087,
        "stop" : 1555073806468,
        "duration" : 1381
      },
      "status" : "passed",
      "steps" : [ ],
      "attachments" : [ ],
      "parameters" : [ {
        "name" : "status",
        "value" : "packing"
      }, {
        "name" : "order",
        "value" : "main.Order@58a99c91"
      }, {
        "name" : "client",
        "value" : "main.Client@4b83b302"
      } ],
      "shouldDisplayMessage" : false,
      "attachmentsCount" : 0,
      "stepsCount" : 0,
      "hasContent" : true
    }, {
      "name" : "Проверяем, что статус заказа \"Ваш заказ собирается\"",
      "time" : {
        "start" : 1555073816646,
        "stop" : 1555073817829,
        "duration" : 1183
      },
      "status" : "passed",
      "steps" : [ ],
      "attachments" : [ ],
      "parameters" : [ ],
      "shouldDisplayMessage" : false,
      "attachmentsCount" : 0,
      "stepsCount" : 0,
      "hasContent" : false
    }, {
      "name" : "Меняем статус заказа",
      "time" : {
        "start" : 1555073817829,
        "stop" : 1555073820595,
        "duration" : 2766
      },
      "status" : "passed",
      "steps" : [ ],
      "attachments" : [ ],
      "parameters" : [ {
        "name" : "status",
        "value" : "compiled"
      }, {
        "name" : "order",
        "value" : "main.Order@58a99c91"
      }, {
        "name" : "client",
        "value" : "main.Client@4b83b302"
      } ],
      "shouldDisplayMessage" : false,
      "attachmentsCount" : 0,
      "stepsCount" : 0,
      "hasContent" : true
    }, {
      "name" : "Проверяем, что статус заказа \"Ваш заказ собран\"",
      "time" : {
        "start" : 1555073832465,
        "stop" : 1555073833600,
        "duration" : 1135
      },
      "status" : "passed",
      "steps" : [ ],
      "attachments" : [ ],
      "parameters" : [ ],
      "shouldDisplayMessage" : false,
      "attachmentsCount" : 0,
      "stepsCount" : 0,
      "hasContent" : false
    }, {
      "name" : "Меняем статус заказа",
      "time" : {
        "start" : 1555073833600,
        "stop" : 1555073837526,
        "duration" : 3926
      },
      "status" : "passed",
      "steps" : [ ],
      "attachments" : [ ],
      "parameters" : [ {
        "name" : "status",
        "value" : "ship"
      }, {
        "name" : "order",
        "value" : "main.Order@58a99c91"
      }, {
        "name" : "client",
        "value" : "main.Client@4b83b302"
      } ],
      "shouldDisplayMessage" : false,
      "attachmentsCount" : 0,
      "stepsCount" : 0,
      "hasContent" : true
    }, {
      "name" : "Проверяем, что статус заказа \"Ваш заказ в пути\"",
      "time" : {
        "start" : 1555073849262,
        "stop" : 1555073850395,
        "duration" : 1133
      },
      "status" : "passed",
      "steps" : [ ],
      "attachments" : [ ],
      "parameters" : [ ],
      "shouldDisplayMessage" : false,
      "attachmentsCount" : 0,
      "stepsCount" : 0,
      "hasContent" : false
    }, {
      "name" : "Меняем статус заказа",
      "time" : {
        "start" : 1555073850395,
        "stop" : 1555073853876,
        "duration" : 3481
      },
      "status" : "passed",
      "steps" : [ ],
      "attachments" : [ ],
      "parameters" : [ {
        "name" : "status",
        "value" : "done"
      }, {
        "name" : "order",
        "value" : "main.Order@58a99c91"
      }, {
        "name" : "client",
        "value" : "main.Client@4b83b302"
      } ],
      "shouldDisplayMessage" : false,
      "attachmentsCount" : 0,
      "stepsCount" : 0,
      "hasContent" : true
    }, {
      "name" : "Выставляем оценку заказа",
      "time" : {
        "start" : 1555073859036,
        "stop" : 1555073860270,
        "duration" : 1234
      },
      "status" : "passed",
      "steps" : [ ],
      "attachments" : [ ],
      "parameters" : [ {
        "name" : "rating",
        "value" : "3"
      } ],
      "shouldDisplayMessage" : false,
      "attachmentsCount" : 0,
      "stepsCount" : 0,
      "hasContent" : true
    }, {
      "name" : "Жмем кнопку \"ОТПРАВИТЬ\", чтобы отправить оценку",
      "time" : {
        "start" : 1555073860270,
        "stop" : 1555073865527,
        "duration" : 5257
      },
      "status" : "passed",
      "steps" : [ ],
      "attachments" : [ ],
      "parameters" : [ ],
      "shouldDisplayMessage" : false,
      "attachmentsCount" : 0,
      "stepsCount" : 0,
      "hasContent" : false
    }, {
      "name" : "Кликаем по Бургер-меню",
      "time" : {
        "start" : 1555073865527,
        "stop" : 1555073866758,
        "duration" : 1231
      },
      "status" : "passed",
      "steps" : [ ],
      "attachments" : [ ],
      "parameters" : [ ],
      "shouldDisplayMessage" : false,
      "attachmentsCount" : 0,
      "stepsCount" : 0,
      "hasContent" : false
    }, {
      "name" : "Переходим на экран \"Заказы\"",
      "time" : {
        "start" : 1555073866758,
        "stop" : 1555073867971,
        "duration" : 1213
      },
      "status" : "passed",
      "steps" : [ ],
      "attachments" : [ ],
      "parameters" : [ ],
      "shouldDisplayMessage" : false,
      "attachmentsCount" : 0,
      "stepsCount" : 0,
      "hasContent" : false
    }, {
      "name" : "Кликаем по первому заказу в списке заказов",
      "time" : {
        "start" : 1555073867971,
        "stop" : 1555073869198,
        "duration" : 1227
      },
      "status" : "passed",
      "steps" : [ ],
      "attachments" : [ ],
      "parameters" : [ ],
      "shouldDisplayMessage" : false,
      "attachmentsCount" : 0,
      "stepsCount" : 0,
      "hasContent" : false
    }, {
      "name" : "Проверяем, что статус заказа \"Заказ доставлен\"",
      "time" : {
        "start" : 1555073869198,
        "stop" : 1555073870327,
        "duration" : 1129
      },
      "status" : "passed",
      "steps" : [ ],
      "attachments" : [ ],
      "parameters" : [ ],
      "shouldDisplayMessage" : false,
      "attachmentsCount" : 0,
      "stepsCount" : 0,
      "hasContent" : false
    }, {
      "name" : "Кликаем по Бургер-меню",
      "time" : {
        "start" : 1555073875503,
        "stop" : 1555073876699,
        "duration" : 1196
      },
      "status" : "passed",
      "steps" : [ ],
      "attachments" : [ ],
      "parameters" : [ ],
      "shouldDisplayMessage" : false,
      "attachmentsCount" : 0,
      "stepsCount" : 0,
      "hasContent" : false
    }, {
      "name" : "Переходим на экран Сейвкоины",
      "time" : {
        "start" : 1555073876699,
        "stop" : 1555073877925,
        "duration" : 1226
      },
      "status" : "passed",
      "steps" : [ ],
      "attachments" : [ ],
      "parameters" : [ ],
      "shouldDisplayMessage" : false,
      "attachmentsCount" : 0,
      "stepsCount" : 0,
      "hasContent" : false
    }, {
      "name" : "Проверяем, что количество сейвкоинов уменьшилось на количество сейвкоинов к списанию",
      "time" : {
        "start" : 1555073877925,
        "stop" : 1555073878104,
        "duration" : 179
      },
      "status" : "failed",
      "statusDetails" : {
        "message" : "expected:<423> but was:<426>",
        "trace" : "java.lang.AssertionError: expected:<423> but was:<426>\r\n\tat org.junit.Assert.fail(Assert.java:88)\r\n\tat org.junit.Assert.failNotEquals(Assert.java:834)\r\n\tat org.junit.Assert.assertEquals(Assert.java:645)\r\n\tat org.junit.Assert.assertEquals(Assert.java:631)\r\n\tat main.Main.assertSavecoinsIsReduced_aroundBody106(Main.java:992)\r\n\tat main.Main$AjcClosure107.run(Main.java:1)\r\n\tat org.aspectj.runtime.reflect.JoinPointImpl.proceed(JoinPointImpl.java:149)\r\n\tat io.qameta.allure.aspects.StepsAspects.step(StepsAspects.java:51)\r\n\tat main.Main.assertSavecoinsIsReduced(Main.java:989)\r\n\tat main.Test005.test005(Test005.java:179)\r\n\tat XiaomiRedmi4a.X_TotalRegress.Test005(X_TotalRegress.java:50)\r\n\tat sun.reflect.NativeMethodAccessorImpl.invoke0(Native Method)\r\n\tat sun.reflect.NativeMethodAccessorImpl.invoke(NativeMethodAccessorImpl.java:62)\r\n\tat sun.reflect.DelegatingMethodAccessorImpl.invoke(DelegatingMethodAccessorImpl.java:43)\r\n\tat java.lang.reflect.Method.invoke(Method.java:498)\r\n\tat org.junit.runners.model.FrameworkMethod$1.runReflectiveCall(FrameworkMethod.java:50)\r\n\tat org.junit.internal.runners.model.ReflectiveCallable.run(ReflectiveCallable.java:12)\r\n\tat org.junit.runners.model.FrameworkMethod.invokeExplosively(FrameworkMethod.java:47)\r\n\tat org.junit.internal.runners.statements.InvokeMethod.evaluate(InvokeMethod.java:17)\r\n\tat org.junit.internal.runners.statements.RunBefores.evaluate(RunBefores.java:26)\r\n\tat org.junit.internal.runners.statements.RunAfters.evaluate(RunAfters.java:27)\r\n\tat org.junit.runners.ParentRunner.runLeaf(ParentRunner.java:325)\r\n\tat org.junit.runners.BlockJUnit4ClassRunner.runChild(BlockJUnit4ClassRunner.java:78)\r\n\tat org.junit.runners.BlockJUnit4ClassRunner.runChild(BlockJUnit4ClassRunner.java:57)\r\n\tat org.junit.runners.ParentRunner$3.run(ParentRunner.java:290)\r\n\tat org.junit.runners.ParentRunner$1.schedule(ParentRunner.java:71)\r\n\tat org.junit.runners.ParentRunner.runChildren(ParentRunner.java:288)\r\n\tat org.junit.runners.ParentRunner.access$000(ParentRunner.java:58)\r\n\tat org.junit.runners.ParentRunner$2.evaluate(ParentRunner.java:268)\r\n\tat org.junit.runners.ParentRunner.run(ParentRunner.java:363)\r\n\tat org.gradle.api.internal.tasks.testing.junit.JUnitTestClassExecutor.runTestClass(JUnitTestClassExecutor.java:110)\r\n\tat org.gradle.api.internal.tasks.testing.junit.JUnitTestClassExecutor.execute(JUnitTestClassExecutor.java:58)\r\n\tat org.gradle.api.internal.tasks.testing.junit.JUnitTestClassExecutor.execute(JUnitTestClassExecutor.java:38)\r\n\tat org.gradle.api.internal.tasks.testing.junit.AbstractJUnitTestClassProcessor.processTestClass(AbstractJUnitTestClassProcessor.java:62)\r\n\tat org.gradle.api.internal.tasks.testing.SuiteTestClassProcessor.processTestClass(SuiteTestClassProcessor.java:51)\r\n\tat sun.reflect.NativeMethodAccessorImpl.invoke0(Native Method)\r\n\tat sun.reflect.NativeMethodAccessorImpl.invoke(NativeMethodAccessorImpl.java:62)\r\n\tat sun.reflect.DelegatingMethodAccessorImpl.invoke(DelegatingMethodAccessorImpl.java:43)\r\n\tat java.lang.reflect.Method.invoke(Method.java:498)\r\n\tat org.gradle.internal.dispatch.ReflectionDispatch.dispatch(ReflectionDispatch.java:35)\r\n\tat org.gradle.internal.dispatch.ReflectionDispatch.dispatch(ReflectionDispatch.java:24)\r\n\tat org.gradle.internal.dispatch.ContextClassLoaderDispatch.dispatch(ContextClassLoaderDispatch.java:32)\r\n\tat org.gradle.internal.dispatch.ProxyDispatchAdapter$DispatchingInvocationHandler.invoke(ProxyDispatchAdapter.java:93)\r\n\tat com.sun.proxy.$Proxy2.processTestClass(Unknown Source)\r\n\tat org.gradle.api.internal.tasks.testing.worker.TestWorker.processTestClass(TestWorker.java:118)\r\n\tat sun.reflect.NativeMethodAccessorImpl.invoke0(Native Method)\r\n\tat sun.reflect.NativeMethodAccessorImpl.invoke(NativeMethodAccessorImpl.java:62)\r\n\tat sun.reflect.DelegatingMethodAccessorImpl.invoke(DelegatingMethodAccessorImpl.java:43)\r\n\tat java.lang.reflect.Method.invoke(Method.java:498)\r\n\tat org.gradle.internal.dispatch.ReflectionDispatch.dispatch(ReflectionDispatch.java:35)\r\n\tat org.gradle.internal.dispatch.ReflectionDispatch.dispatch(ReflectionDispatch.java:24)\r\n\tat org.gradle.internal.remote.internal.hub.MessageHubBackedObjectConnection$DispatchWrapper.dispatch(MessageHubBackedObjectConnection.java:175)\r\n\tat org.gradle.internal.remote.internal.hub.MessageHubBackedObjectConnection$DispatchWrapper.dispatch(MessageHubBackedObjectConnection.java:157)\r\n\tat org.gradle.internal.remote.internal.hub.MessageHub$Handler.run(MessageHub.java:404)\r\n\tat org.gradle.internal.concurrent.ExecutorPolicy$CatchAndRecordFailures.onExecute(ExecutorPolicy.java:63)\r\n\tat org.gradle.internal.concurrent.ManagedExecutorImpl$1.run(ManagedExecutorImpl.java:46)\r\n\tat java.util.concurrent.ThreadPoolExecutor.runWorker(ThreadPoolExecutor.java:1149)\r\n\tat java.util.concurrent.ThreadPoolExecutor$Worker.run(ThreadPoolExecutor.java:624)\r\n\tat org.gradle.internal.concurrent.ThreadFactoryImpl$ManagedThreadRunnable.run(ThreadFactoryImpl.java:55)\r\n\tat java.lang.Thread.run(Thread.java:748)\r\n",
        "flaky" : false
      },
      "steps" : [ ],
      "attachments" : [ ],
      "parameters" : [ {
        "name" : "savecoinsToSubstract",
        "value" : "10"
      }, {
        "name" : "client",
        "value" : "main.Client@4b83b302"
      } ],
      "shouldDisplayMessage" : true,
      "attachmentsCount" : 0,
      "stepsCount" : 0,
      "hasContent" : true
    } ],
    "attachments" : [ {
      "uid" : "cbfcdbda656b03e9",
      "name" : "Page screenshot",
      "source" : "cbfcdbda656b03e9.png",
      "type" : "image/png",
      "size" : 111043
    } ],
    "parameters" : [ ],
    "shouldDisplayMessage" : false,
    "attachmentsCount" : 1,
    "stepsCount" : 54,
    "hasContent" : true
  },
  "afterStages" : [ ],
  "labels" : [ {
    "name" : "package",
    "value" : "XiaomiRedmi4a"
  }, {
    "name" : "testClass",
    "value" : "XiaomiRedmi4a.X_TotalRegress"
  }, {
    "name" : "testMethod",
    "value" : "Test005"
  }, {
    "name" : "suite",
    "value" : "XiaomiRedmi4a.X_TotalRegress"
  }, {
    "name" : "host",
    "value" : "SV-IT-5"
  }, {
    "name" : "thread",
    "value" : "468@SV-IT-5.Test worker(11)"
  }, {
    "name" : "resultFormat",
    "value" : "allure2"
  } ],
  "parameters" : [ ],
  "links" : [ ],
  "hidden" : false,
  "extra" : {
    "severity" : "normal",
    "retries" : [ ],
    "categories" : [ {
      "name" : "Product defects",
      "matchedStatuses" : [ ],
      "flaky" : false
    } ],
    "tags" : [ ]
  },
  "statusDetailsSafe" : {
    "message" : "expected:<423> but was:<426>",
    "trace" : "java.lang.AssertionError: expected:<423> but was:<426>\r\n\tat org.junit.Assert.fail(Assert.java:88)\r\n\tat org.junit.Assert.failNotEquals(Assert.java:834)\r\n\tat org.junit.Assert.assertEquals(Assert.java:645)\r\n\tat org.junit.Assert.assertEquals(Assert.java:631)\r\n\tat main.Main.assertSavecoinsIsReduced_aroundBody106(Main.java:992)\r\n\tat main.Main$AjcClosure107.run(Main.java:1)\r\n\tat org.aspectj.runtime.reflect.JoinPointImpl.proceed(JoinPointImpl.java:149)\r\n\tat io.qameta.allure.aspects.StepsAspects.step(StepsAspects.java:51)\r\n\tat main.Main.assertSavecoinsIsReduced(Main.java:989)\r\n\tat main.Test005.test005(Test005.java:179)\r\n\tat XiaomiRedmi4a.X_TotalRegress.Test005(X_TotalRegress.java:50)\r\n\tat sun.reflect.NativeMethodAccessorImpl.invoke0(Native Method)\r\n\tat sun.reflect.NativeMethodAccessorImpl.invoke(NativeMethodAccessorImpl.java:62)\r\n\tat sun.reflect.DelegatingMethodAccessorImpl.invoke(DelegatingMethodAccessorImpl.java:43)\r\n\tat java.lang.reflect.Method.invoke(Method.java:498)\r\n\tat org.junit.runners.model.FrameworkMethod$1.runReflectiveCall(FrameworkMethod.java:50)\r\n\tat org.junit.internal.runners.model.ReflectiveCallable.run(ReflectiveCallable.java:12)\r\n\tat org.junit.runners.model.FrameworkMethod.invokeExplosively(FrameworkMethod.java:47)\r\n\tat org.junit.internal.runners.statements.InvokeMethod.evaluate(InvokeMethod.java:17)\r\n\tat org.junit.internal.runners.statements.RunBefores.evaluate(RunBefores.java:26)\r\n\tat org.junit.internal.runners.statements.RunAfters.evaluate(RunAfters.java:27)\r\n\tat org.junit.runners.ParentRunner.runLeaf(ParentRunner.java:325)\r\n\tat org.junit.runners.BlockJUnit4ClassRunner.runChild(BlockJUnit4ClassRunner.java:78)\r\n\tat org.junit.runners.BlockJUnit4ClassRunner.runChild(BlockJUnit4ClassRunner.java:57)\r\n\tat org.junit.runners.ParentRunner$3.run(ParentRunner.java:290)\r\n\tat org.junit.runners.ParentRunner$1.schedule(ParentRunner.java:71)\r\n\tat org.junit.runners.ParentRunner.runChildren(ParentRunner.java:288)\r\n\tat org.junit.runners.ParentRunner.access$000(ParentRunner.java:58)\r\n\tat org.junit.runners.ParentRunner$2.evaluate(ParentRunner.java:268)\r\n\tat org.junit.runners.ParentRunner.run(ParentRunner.java:363)\r\n\tat org.gradle.api.internal.tasks.testing.junit.JUnitTestClassExecutor.runTestClass(JUnitTestClassExecutor.java:110)\r\n\tat org.gradle.api.internal.tasks.testing.junit.JUnitTestClassExecutor.execute(JUnitTestClassExecutor.java:58)\r\n\tat org.gradle.api.internal.tasks.testing.junit.JUnitTestClassExecutor.execute(JUnitTestClassExecutor.java:38)\r\n\tat org.gradle.api.internal.tasks.testing.junit.AbstractJUnitTestClassProcessor.processTestClass(AbstractJUnitTestClassProcessor.java:62)\r\n\tat org.gradle.api.internal.tasks.testing.SuiteTestClassProcessor.processTestClass(SuiteTestClassProcessor.java:51)\r\n\tat sun.reflect.NativeMethodAccessorImpl.invoke0(Native Method)\r\n\tat sun.reflect.NativeMethodAccessorImpl.invoke(NativeMethodAccessorImpl.java:62)\r\n\tat sun.reflect.DelegatingMethodAccessorImpl.invoke(DelegatingMethodAccessorImpl.java:43)\r\n\tat java.lang.reflect.Method.invoke(Method.java:498)\r\n\tat org.gradle.internal.dispatch.ReflectionDispatch.dispatch(ReflectionDispatch.java:35)\r\n\tat org.gradle.internal.dispatch.ReflectionDispatch.dispatch(ReflectionDispatch.java:24)\r\n\tat org.gradle.internal.dispatch.ContextClassLoaderDispatch.dispatch(ContextClassLoaderDispatch.java:32)\r\n\tat org.gradle.internal.dispatch.ProxyDispatchAdapter$DispatchingInvocationHandler.invoke(ProxyDispatchAdapter.java:93)\r\n\tat com.sun.proxy.$Proxy2.processTestClass(Unknown Source)\r\n\tat org.gradle.api.internal.tasks.testing.worker.TestWorker.processTestClass(TestWorker.java:118)\r\n\tat sun.reflect.NativeMethodAccessorImpl.invoke0(Native Method)\r\n\tat sun.reflect.NativeMethodAccessorImpl.invoke(NativeMethodAccessorImpl.java:62)\r\n\tat sun.reflect.DelegatingMethodAccessorImpl.invoke(DelegatingMethodAccessorImpl.java:43)\r\n\tat java.lang.reflect.Method.invoke(Method.java:498)\r\n\tat org.gradle.internal.dispatch.ReflectionDispatch.dispatch(ReflectionDispatch.java:35)\r\n\tat org.gradle.internal.dispatch.ReflectionDispatch.dispatch(ReflectionDispatch.java:24)\r\n\tat org.gradle.internal.remote.internal.hub.MessageHubBackedObjectConnection$DispatchWrapper.dispatch(MessageHubBackedObjectConnection.java:175)\r\n\tat org.gradle.internal.remote.internal.hub.MessageHubBackedObjectConnection$DispatchWrapper.dispatch(MessageHubBackedObjectConnection.java:157)\r\n\tat org.gradle.internal.remote.internal.hub.MessageHub$Handler.run(MessageHub.java:404)\r\n\tat org.gradle.internal.concurrent.ExecutorPolicy$CatchAndRecordFailures.onExecute(ExecutorPolicy.java:63)\r\n\tat org.gradle.internal.concurrent.ManagedExecutorImpl$1.run(ManagedExecutorImpl.java:46)\r\n\tat java.util.concurrent.ThreadPoolExecutor.runWorker(ThreadPoolExecutor.java:1149)\r\n\tat java.util.concurrent.ThreadPoolExecutor$Worker.run(ThreadPoolExecutor.java:624)\r\n\tat org.gradle.internal.concurrent.ThreadFactoryImpl$ManagedThreadRunnable.run(ThreadFactoryImpl.java:55)\r\n\tat java.lang.Thread.run(Thread.java:748)\r\n",
    "flaky" : false
  },
  "source" : "88fba6e9cc85f346.json",
  "statusMessage" : {
    "present" : true
  },
  "parameterValues" : [ ]
}